2023-08-14T13:44:43.309  <Info> phidget22 : 
	******************************  Logging Enabled  ******************************
	* Phidget22 - Version 1.16 - Built Jul  7 2023 09:13:43                       *
	* Release 1.16.20230707 - Windows (64-bit)                                    *
	*******************************************************************************
2023-08-14T13:45:14.429  <Info> phidget22 : 
	******************************  Logging Enabled  ******************************
	* Phidget22 - Version 1.16 - Built Jul  7 2023 09:13:43                       *
	* Release 1.16.20230707 - Windows (64-bit)                                    *
	*******************************************************************************
2023-08-14T13:45:14.430  <Info> phidget22usb[AttachUSBDevice()] : Attaching HID Phidget | Path: \\?\hid#vid_06c2&pid_003e#6&680a873&0&0000#{4d1e55b2-f16f-11cf-88cb-001111000030} | PDO Name: \Device\00000109
2023-08-14T13:45:14.431  <Info> phidget22[deviceAttach()] : (Attach) 1065 (PhidgetMotorControl 1-Motor) v101 S/N:662486
2023-08-14T13:45:14.432  <Warn> phidget22usb[openHandle2()] : CreateFileW(\\?\hid#vid_06c2&pid_003e#6&680a873&0&0000#{4d1e55b2-f16f-11cf-88cb-001111000030}) failed with error code: 0x00000020 - The process cannot access the file because it is being used by another process.
2023-08-14T13:45:14.446  <Warn> phidget22usb[PhidgetUSBOpenHandle()] : Device: <1065 (PhidgetMotorControl 1-Motor) v101 S/N:662486> open failed because device is in use by: Phidget22 Management (path: "C:\Program Files\Phidgets\Phidget22\Phidget22Manager.exe" - pid: 11700)
2023-08-14T13:45:14.446  <Warn> phidget22usb[openHandle2()] : CreateFileW(\\?\hid#vid_06c2&pid_003e#6&680a873&0&0000#{4d1e55b2-f16f-11cf-88cb-001111000030}) failed with error code: 0x00000020 - The process cannot access the file because it is being used by another process.
2023-08-14T13:45:14.446  <Warn> phidget22usb[openHandle2()] : CreateFileW(\\?\hid#vid_06c2&pid_003e#6&680a873&0&0000#{4d1e55b2-f16f-11cf-88cb-001111000030}) failed with error code: 0x00000020 - The process cannot access the file because it is being used by another process.
2023-08-14T13:45:14.446  <Warn> phidget22usb[openHandle2()] : CreateFileW(\\?\hid#vid_06c2&pid_003e#6&680a873&0&0000#{4d1e55b2-f16f-11cf-88cb-001111000030}) failed with error code: 0x00000020 - The process cannot access the file because it is being used by another process.
2023-08-14T13:45:14.698  <Warn> phidget22usb[openHandle2()] : CreateFileW(\\?\hid#vid_06c2&pid_003e#6&680a873&0&0000#{4d1e55b2-f16f-11cf-88cb-001111000030}) failed with error code: 0x00000020 - The process cannot access the file because it is being used by another process.
2023-08-14T13:45:32.664  <Info> phidget22 : 
	******************************  Logging Enabled  ******************************
	* Phidget22 - Version 1.16 - Built Jul  7 2023 09:13:43                       *
	* Release 1.16.20230707 - Windows (64-bit)                                    *
	*******************************************************************************
2023-08-14T13:45:32.664  <Info> phidget22usb[AttachUSBDevice()] : Attaching HID Phidget | Path: \\?\hid#vid_06c2&pid_003e#6&680a873&0&0000#{4d1e55b2-f16f-11cf-88cb-001111000030} | PDO Name: \Device\00000109
2023-08-14T13:45:32.666  <Info> phidget22[deviceAttach()] : (Attach) 1065 (PhidgetMotorControl 1-Motor) v101 S/N:662486
2023-08-14T13:45:32.667  <Info> phidget22usb[PhidgetUSBOpenHandle()] : Opened USB Device: 0x27c
2023-08-14T13:45:32.667  <Info> phidget22[PhidgetUSBReadThreadFunction()] : 1065 (PhidgetMotorControl 1-Motor) v101 S/N:662486: USB read thread started: 0x00000a60
2023-08-14T13:45:38.924  <Info> phidget22[PhidgetUSBReadThreadFunction()] : 1065 (PhidgetMotorControl 1-Motor) v101 S/N:662486: ReadThread exiting normally (signaled by Phidget_close)
2023-08-14T13:45:38.924  <Info> phidget22usb[PhidgetUSBCloseHandle()] : Closing USB Device: 0x27c
2023-08-14T13:45:51.456  <Info> phidget22 : 
	******************************  Logging Enabled  ******************************
	* Phidget22 - Version 1.16 - Built Jul  7 2023 09:13:43                       *
	* Release 1.16.20230707 - Windows (64-bit)                                    *
	*******************************************************************************
2023-08-14T13:45:51.457  <Info> phidget22usb[AttachUSBDevice()] : Attaching HID Phidget | Path: \\?\hid#vid_06c2&pid_003e#6&680a873&0&0000#{4d1e55b2-f16f-11cf-88cb-001111000030} | PDO Name: \Device\00000109
2023-08-14T13:45:51.458  <Info> phidget22[deviceAttach()] : (Attach) 1065 (PhidgetMotorControl 1-Motor) v101 S/N:662486
2023-08-14T13:45:51.458  <Info> phidget22usb[PhidgetUSBOpenHandle()] : Opened USB Device: 0x24c
2023-08-14T13:45:51.458  <Info> phidget22[PhidgetUSBReadThreadFunction()] : 1065 (PhidgetMotorControl 1-Motor) v101 S/N:662486: USB read thread started: 0x00000248
2023-08-14T13:45:53.991  <Info> phidget22usb[PhidgetUSBCloseHandle()] : Closing USB Device: 0x24c
2023-08-14T13:45:53.991  <Info> phidget22[PhidgetUSBReadThreadFunction()] : 1065 (PhidgetMotorControl 1-Motor) v101 S/N:662486: ReadThread exiting normally (signaled by Phidget_close)
2023-08-14T13:45:59.410  <Info> phidget22 : 
	******************************  Logging Enabled  ******************************
	* Phidget22 - Version 1.16 - Built Jul  7 2023 09:13:43                       *
	* Release 1.16.20230707 - Windows (64-bit)                                    *
	*******************************************************************************
2023-08-14T13:45:59.411  <Info> phidget22usb[AttachUSBDevice()] : Attaching HID Phidget | Path: \\?\hid#vid_06c2&pid_003e#6&680a873&0&0000#{4d1e55b2-f16f-11cf-88cb-001111000030} | PDO Name: \Device\00000109
2023-08-14T13:45:59.412  <Info> phidget22[deviceAttach()] : (Attach) 1065 (PhidgetMotorControl 1-Motor) v101 S/N:662486
2023-08-14T13:45:59.412  <Info> phidget22usb[PhidgetUSBOpenHandle()] : Opened USB Device: 0x25c
2023-08-14T13:45:59.413  <Info> phidget22[PhidgetUSBReadThreadFunction()] : 1065 (PhidgetMotorControl 1-Motor) v101 S/N:662486: USB read thread started: 0x0000363c
2023-08-14T13:46:04.094  <Info> phidget22usb[PhidgetUSBCloseHandle()] : Closing USB Device: 0x25c
2023-08-14T13:46:04.094  <Info> phidget22[PhidgetUSBReadThreadFunction()] : 1065 (PhidgetMotorControl 1-Motor) v101 S/N:662486: ReadThread exiting normally (signaled by Phidget_close)
